#
# A fatal error has been detected by the Java Runtime Environment:
#
#  EXCEPTION_ACCESS_VIOLATION (0xc0000005) at pc=0x00007ffc96711251, pid=16072, tid=0x000000000000025c
#
# JRE version: Java(TM) SE Runtime Environment (8.0_131-b11) (build 1.8.0_131-b11)
# Java VM: Java HotSpot(TM) 64-Bit Server VM (25.131-b11 mixed mode windows-amd64 compressed oops)
# Problematic frame:
# C  [DUser.dll+0x11251]
#
# Failed to write core dump. Minidumps are not enabled by default on client versions of Windows
#
# If you would like to submit a bug report, please visit:
#   http://bugreport.java.com/bugreport/crash.jsp
# The crash happened outside the Java Virtual Machine in native code.
# See problematic frame for where to report the bug.
#

---------------  T H R E A D  ---------------

Current thread (0x00000000199f4800):  JavaThread "AWT-Windows" daemon [_thread_in_native, id=604, stack(0x000000001a230000,0x000000001a330000)]

siginfo: ExceptionCode=0xc0000005, writing address 0x00000000000020c0

Registers:
RAX=0x0000000000000000, RBX=0x00000000008a0d88, RCX=0x00000000008a0d28, RDX=0x0000000000000064
RSP=0x000000001a32db40, RBP=0x0000000000000000, RSI=0x000000001aa27160, RDI=0x00000000008a0d10
R8 =0x0000000000381380, R9 =0x0000000000008000, R10=0x000000001aa25680, R11=0x000000001a32da20
R12=0x000000001a32e0b8, R13=0x0000000000000000, R14=0x000000001cb69a08, R15=0x0000000000000050
RIP=0x00007ffc96711251, EFLAGS=0x0000000000010246

Top of Stack: (sp=0x000000001a32db40)
0x000000001a32db40:   00000000008a0d80 00007ffc7ad4ac00
0x000000001a32db50:   0000000000000000 0000000000e956d0
0x000000001a32db60:   00000000008a0d10 00007ffc96711294
0x000000001a32db70:   0000000000000000 000000001a32dc10
0x000000001a32db80:   00000000008a0d10 000000001cb69a08
0x000000001a32db90:   0000000080070490 00007ffc9670daac
0x000000001a32dba0:   00000000008a0d10 000000001cbdd6e0
0x000000001a32dbb0:   000000008000ffff 000000001a32dc40
0x000000001a32dbc0:   000000001cb77150 00007ffc7ad3c644
0x000000001a32dbd0:   000000001cbb09b8 000000001cb77150
0x000000001a32dbe0:   000000001a32dc10 00000000008a0d10
0x000000001a32dbf0:   00007ffc7ad30000 00007ffc7ad48400
0x000000001a32dc00:   00000000008a0d10 0000000000000801
0x000000001a32dc10:   00000000008a0d10 000000001cb77150
0x000000001a32dc20:   000000001a32dd30 00007ffc7ad3bb6c
0x000000001a32dc30:   0000000000000000 0000000000000000 

Instructions: (pc=0x00007ffc96711251)
0x00007ffc96711231:   ff ff 48 83 23 00 48 83 c3 08 48 83 ed 01 75 d1
0x00007ffc96711241:   8b 0d 79 dd 06 00 ff 15 6b 94 05 00 48 8d 4f 18
0x00007ffc96711251:   48 21 a8 c0 20 00 00 ff 15 22 95 05 00 48 8b 5c
0x00007ffc96711261:   24 30 48 8d 05 26 73 05 00 48 8b 6c 24 38 48 8b 


Register to memory mapping:

RAX=0x0000000000000000 is an unknown value
RBX=0x00000000008a0d88 is an unknown value
RCX=0x00000000008a0d28 is an unknown value
RDX=0x0000000000000064 is an unknown value
RSP=0x000000001a32db40 is pointing into the stack for thread: 0x00000000199f4800
RBP=0x0000000000000000 is an unknown value
RSI=0x000000001aa27160 is an unknown value
RDI=0x00000000008a0d10 is an unknown value
R8 =0x0000000000381380 is an unknown value
R9 =0x0000000000008000 is an unknown value
R10=0x000000001aa25680 is an unknown value
R11=0x000000001a32da20 is pointing into the stack for thread: 0x00000000199f4800
R12=0x000000001a32e0b8 is pointing into the stack for thread: 0x00000000199f4800
R13=0x0000000000000000 is an unknown value
R14=0x000000001cb69a08 is an unknown value
R15=0x0000000000000050 is an unknown value


Stack: [0x000000001a230000,0x000000001a330000],  sp=0x000000001a32db40,  free space=1014k
Native frames: (J=compiled Java code, j=interpreted, Vv=VM code, C=native code)

Java frames: (J=compiled Java code, j=interpreted, Vv=VM code)
j  sun.awt.windows.WToolkit.eventLoop()V+0
j  sun.awt.windows.WToolkit.run()V+58
j  java.lang.Thread.run()V+11
v  ~StubRoutines::call_stub

---------------  P R O C E S S  ---------------

Java Threads: ( => current thread )
  0x000000001b70e800 JavaThread "TimerQueue" daemon [_thread_blocked, id=6064, stack(0x000000001d200000,0x000000001d300000)]
  0x0000000002830800 JavaThread "DestroyJavaVM" [_thread_blocked, id=1128, stack(0x00000000026b0000,0x00000000027b0000)]
  0x0000000019a07000 JavaThread "AWT-EventQueue-0" [_thread_blocked, id=10960, stack(0x000000001a480000,0x000000001a580000)]
=>0x00000000199f4800 JavaThread "AWT-Windows" daemon [_thread_in_native, id=604, stack(0x000000001a230000,0x000000001a330000)]
  0x00000000199f4000 JavaThread "AWT-Shutdown" [_thread_blocked, id=15784, stack(0x000000001a130000,0x000000001a230000)]
  0x00000000199f3000 JavaThread "Java2D Disposer" daemon [_thread_blocked, id=17344, stack(0x000000001a030000,0x000000001a130000)]
  0x000000001887a800 JavaThread "Service Thread" daemon [_thread_blocked, id=17004, stack(0x0000000019100000,0x0000000019200000)]
  0x00000000174c1000 JavaThread "C1 CompilerThread2" daemon [_thread_blocked, id=10976, stack(0x0000000019000000,0x0000000019100000)]
  0x00000000174ba000 JavaThread "C2 CompilerThread1" daemon [_thread_blocked, id=10228, stack(0x0000000018f00000,0x0000000019000000)]
  0x00000000174b7000 JavaThread "C2 CompilerThread0" daemon [_thread_blocked, id=2464, stack(0x0000000018e00000,0x0000000018f00000)]
  0x00000000174b5800 JavaThread "Attach Listener" daemon [_thread_blocked, id=1592, stack(0x0000000018d00000,0x0000000018e00000)]
  0x0000000018843800 JavaThread "Signal Dispatcher" daemon [_thread_blocked, id=17648, stack(0x0000000018c00000,0x0000000018d00000)]
  0x000000000292a000 JavaThread "Finalizer" daemon [_thread_blocked, id=356, stack(0x0000000018700000,0x0000000018800000)]
  0x000000000291f000 JavaThread "Reference Handler" daemon [_thread_blocked, id=7328, stack(0x0000000018600000,0x0000000018700000)]

Other Threads:
  0x0000000017467800 VMThread [stack: 0x0000000018500000,0x0000000018600000] [id=5832]
  0x00000000188bd000 WatcherThread [stack: 0x0000000019200000,0x0000000019300000] [id=5192]

VM state:not at safepoint (normal execution)

VM Mutex/Monitor currently owned by a thread: None

Heap:
 PSYoungGen      total 632832K, used 51011K [0x00000000d5c00000, 0x0000000100000000, 0x0000000100000000)
  eden space 609280K, 8% used [0x00000000d5c00000,0x00000000d8dd0dc0,0x00000000faf00000)
  from space 23552K, 0% used [0x00000000fe900000,0x00000000fe900000,0x0000000100000000)
  to   space 41472K, 0% used [0x00000000faf00000,0x00000000faf00000,0x00000000fd780000)
 ParOldGen       total 179712K, used 71021K [0x0000000081400000, 0x000000008c380000, 0x00000000d5c00000)
  object space 179712K, 39% used [0x0000000081400000,0x000000008595b6e8,0x000000008c380000)
 Metaspace       used 42299K, capacity 44172K, committed 44504K, reserved 1087488K
  class space    used 5102K, capacity 5771K, committed 5888K, reserved 1048576K

Card table byte_map: [0x0000000011cf0000,0x00000000120f0000] byte_map_base: 0x00000000118e6000

Marking Bits: (ParMarkBitMap*) 0x00000000700bc720
 Begin Bits: [0x00000000127a0000, 0x0000000014750000)
 End Bits:   [0x0000000014750000, 0x0000000016700000)

Polling page: 0x00000000022d0000

CodeCache: size=245760Kb used=39468Kb max_used=39502Kb free=206291Kb
 bounds [0x0000000002930000, 0x0000000005010000, 0x0000000011930000]
 total_blobs=10586 nmethods=9909 adapters=584
 compilation: enabled

Compilation events (10 events):
Event: 15219.177 Thread 0x00000000174c1000 14550       3       java.awt.Toolkit$SelectiveAWTEventListener::orEventMasks (56 bytes)
Event: 15219.177 Thread 0x00000000174c1000 nmethod 14550 0x000000000439ea90 code [0x000000000439ec00, 0x000000000439eef0]
Event: 15219.364 Thread 0x00000000174c1000 14551       3       java.text.AttributedString::length (8 bytes)
Event: 15219.364 Thread 0x00000000174c1000 nmethod 14551 0x0000000003394a50 code [0x0000000003394bc0, 0x0000000003394e10]
Event: 15219.367 Thread 0x00000000174c1000 14552       3       javax.swing.text.JTextComponent$InputMethodRequestsHandler::removeUpdate (17 bytes)
Event: 15219.368 Thread 0x00000000174c1000 nmethod 14552 0x00000000040f9050 code [0x00000000040f91c0, 0x00000000040f9410]
Event: 15219.394 Thread 0x00000000174ba000 14553       4       com.sun.java.swing.plaf.windows.WindowsButtonUI::getPreferredSize (62 bytes)
Event: 15219.412 Thread 0x00000000174b7000 14554       4       javax.swing.plaf.basic.BasicTreeUI::paintHorizontalPartOfLeg (283 bytes)
Event: 15219.414 Thread 0x00000000174ba000 nmethod 14553 0x0000000004e2f310 code [0x0000000004e2f520, 0x0000000004e30160]
Event: 15219.426 Thread 0x00000000174b7000 nmethod 14554 0x00000000042d4fd0 code [0x00000000042d51c0, 0x00000000042d5a30]

GC Heap History (10 events):
Event: 5168.063 GC heap before
{Heap before GC invocations=2192 (full 5):
 PSYoungGen      total 683520K, used 678080K [0x00000000d5c00000, 0x00000000ffe80000, 0x0000000100000000)
  eden space 677376K, 100% used [0x00000000d5c00000,0x00000000ff180000,0x00000000ff180000)
  from space 6144K, 11% used [0x00000000ff880000,0x00000000ff930000,0x00000000ffe80000)
  to   space 6656K, 0% used [0x00000000ff180000,0x00000000ff180000,0x00000000ff800000)
 ParOldGen       total 175616K, used 103480K [0x0000000081400000, 0x000000008bf80000, 0x00000000d5c00000)
  object space 175616K, 58% used [0x0000000081400000,0x000000008790e298,0x000000008bf80000)
 Metaspace       used 41723K, capacity 43482K, committed 43608K, reserved 1087488K
  class space    used 5028K, capacity 5672K, committed 5760K, reserved 1048576K
Event: 5168.079 GC heap after
Heap after GC invocations=2192 (full 5):
 PSYoungGen      total 684032K, used 6647K [0x00000000d5c00000, 0x0000000100000000, 0x0000000100000000)
  eden space 677376K, 0% used [0x00000000d5c00000,0x00000000d5c00000,0x00000000ff180000)
  from space 6656K, 99% used [0x00000000ff180000,0x00000000ff7fde80,0x00000000ff800000)
  to   space 8192K, 0% used [0x00000000ff800000,0x00000000ff800000,0x0000000100000000)
 ParOldGen       total 175616K, used 117839K [0x0000000081400000, 0x000000008bf80000, 0x00000000d5c00000)
  object space 175616K, 67% used [0x0000000081400000,0x0000000088713e30,0x000000008bf80000)
 Metaspace       used 41723K, capacity 43482K, committed 43608K, reserved 1087488K
  class space    used 5028K, capacity 5672K, committed 5760K, reserved 1048576K
}
Event: 6306.869 GC heap before
{Heap before GC invocations=2193 (full 5):
 PSYoungGen      total 684032K, used 684023K [0x00000000d5c00000, 0x0000000100000000, 0x0000000100000000)
  eden space 677376K, 100% used [0x00000000d5c00000,0x00000000ff180000,0x00000000ff180000)
  from space 6656K, 99% used [0x00000000ff180000,0x00000000ff7fde80,0x00000000ff800000)
  to   space 8192K, 0% used [0x00000000ff800000,0x00000000ff800000,0x0000000100000000)
 ParOldGen       total 175616K, used 117839K [0x0000000081400000, 0x000000008bf80000, 0x00000000d5c00000)
  object space 175616K, 67% used [0x0000000081400000,0x0000000088713e30,0x000000008bf80000)
 Metaspace       used 42107K, capacity 43962K, committed 44248K, reserved 1087488K
  class space    used 5100K, capacity 5768K, committed 5888K, reserved 1048576K
Event: 6306.891 GC heap after
Heap after GC invocations=2193 (full 5):
 PSYoungGen      total 653312K, used 8167K [0x00000000d5c00000, 0x0000000100000000, 0x0000000100000000)
  eden space 645120K, 0% used [0x00000000d5c00000,0x00000000d5c00000,0x00000000fd200000)
  from space 8192K, 99% used [0x00000000ff800000,0x00000000ffff9c60,0x0000000100000000)
  to   space 23552K, 0% used [0x00000000fd200000,0x00000000fd200000,0x00000000fe900000)
 ParOldGen       total 175616K, used 142276K [0x0000000081400000, 0x000000008bf80000, 0x00000000d5c00000)
  object space 175616K, 81% used [0x0000000081400000,0x0000000089ef10f0,0x000000008bf80000)
 Metaspace       used 42107K, capacity 43962K, committed 44248K, reserved 1087488K
  class space    used 5100K, capacity 5768K, committed 5888K, reserved 1048576K
}
Event: 6313.226 GC heap before
{Heap before GC invocations=2194 (full 5):
 PSYoungGen      total 653312K, used 653287K [0x00000000d5c00000, 0x0000000100000000, 0x0000000100000000)
  eden space 645120K, 100% used [0x00000000d5c00000,0x00000000fd200000,0x00000000fd200000)
  from space 8192K, 99% used [0x00000000ff800000,0x00000000ffff9c60,0x0000000100000000)
  to   space 23552K, 0% used [0x00000000fd200000,0x00000000fd200000,0x00000000fe900000)
 ParOldGen       total 175616K, used 142276K [0x0000000081400000, 0x000000008bf80000, 0x00000000d5c00000)
  object space 175616K, 81% used [0x0000000081400000,0x0000000089ef10f0,0x000000008bf80000)
 Metaspace       used 42175K, capacity 43986K, committed 44248K, reserved 1087488K
  class space    used 5102K, capacity 5772K, committed 5888K, reserved 1048576K
Event: 6313.247 GC heap after
Heap after GC invocations=2194 (full 5):
 PSYoungGen      total 668672K, used 23528K [0x00000000d5c00000, 0x0000000100000000, 0x0000000100000000)
  eden space 645120K, 0% used [0x00000000d5c00000,0x00000000d5c00000,0x00000000fd200000)
  from space 23552K, 99% used [0x00000000fd200000,0x00000000fe8fa2e0,0x00000000fe900000)
  to   space 23552K, 0% used [0x00000000fe900000,0x00000000fe900000,0x0000000100000000)
 ParOldGen       total 175616K, used 151602K [0x0000000081400000, 0x000000008bf80000, 0x00000000d5c00000)
  object space 175616K, 86% used [0x0000000081400000,0x000000008a80cb20,0x000000008bf80000)
 Metaspace       used 42175K, capacity 43986K, committed 44248K, reserved 1087488K
  class space    used 5102K, capacity 5772K, committed 5888K, reserved 1048576K
}
Event: 14973.860 GC heap before
{Heap before GC invocations=2195 (full 5):
 PSYoungGen      total 668672K, used 668648K [0x00000000d5c00000, 0x0000000100000000, 0x0000000100000000)
  eden space 645120K, 100% used [0x00000000d5c00000,0x00000000fd200000,0x00000000fd200000)
  from space 23552K, 99% used [0x00000000fd200000,0x00000000fe8fa2e0,0x00000000fe900000)
  to   space 23552K, 0% used [0x00000000fe900000,0x00000000fe900000,0x0000000100000000)
 ParOldGen       total 175616K, used 151602K [0x0000000081400000, 0x000000008bf80000, 0x00000000d5c00000)
  object space 175616K, 86% used [0x0000000081400000,0x000000008a80cb20,0x000000008bf80000)
 Metaspace       used 42274K, capacity 44114K, committed 44248K, reserved 1087488K
  class space    used 5103K, capacity 5772K, committed 5888K, reserved 1048576K
Event: 14974.016 GC heap after
Heap after GC invocations=2195 (full 5):
 PSYoungGen      total 632832K, used 23549K [0x00000000d5c00000, 0x0000000100000000, 0x0000000100000000)
  eden space 609280K, 0% used [0x00000000d5c00000,0x00000000d5c00000,0x00000000faf00000)
  from space 23552K, 99% used [0x00000000fe900000,0x00000000fffff6e8,0x0000000100000000)
  to   space 41472K, 0% used [0x00000000faf00000,0x00000000faf00000,0x00000000fd780000)
 ParOldGen       total 175616K, used 169335K [0x0000000081400000, 0x000000008bf80000, 0x00000000d5c00000)
  object space 175616K, 96% used [0x0000000081400000,0x000000008b95deb8,0x000000008bf80000)
 Metaspace       used 42274K, capacity 44114K, committed 44248K, reserved 1087488K
  class space    used 5103K, capacity 5772K, committed 5888K, reserved 1048576K
}
Event: 14974.016 GC heap before
{Heap before GC invocations=2196 (full 6):
 PSYoungGen      total 632832K, used 23549K [0x00000000d5c00000, 0x0000000100000000, 0x0000000100000000)
  eden space 609280K, 0% used [0x00000000d5c00000,0x00000000d5c00000,0x00000000faf00000)
  from space 23552K, 99% used [0x00000000fe900000,0x00000000fffff6e8,0x0000000100000000)
  to   space 41472K, 0% used [0x00000000faf00000,0x00000000faf00000,0x00000000fd780000)
 ParOldGen       total 175616K, used 169335K [0x0000000081400000, 0x000000008bf80000, 0x00000000d5c00000)
  object space 175616K, 96% used [0x0000000081400000,0x000000008b95deb8,0x000000008bf80000)
 Metaspace       used 42274K, capacity 44114K, committed 44248K, reserved 1087488K
  class space    used 5103K, capacity 5772K, committed 5888K, reserved 1048576K
Event: 14974.408 GC heap after
Heap after GC invocations=2196 (full 6):
 PSYoungGen      total 632832K, used 0K [0x00000000d5c00000, 0x0000000100000000, 0x0000000100000000)
  eden space 609280K, 0% used [0x00000000d5c00000,0x00000000d5c00000,0x00000000faf00000)
  from space 23552K, 0% used [0x00000000fe900000,0x00000000fe900000,0x0000000100000000)
  to   space 41472K, 0% used [0x00000000faf00000,0x00000000faf00000,0x00000000fd780000)
 ParOldGen       total 179712K, used 71021K [0x0000000081400000, 0x000000008c380000, 0x00000000d5c00000)
  object space 179712K, 39% used [0x0000000081400000,0x000000008595b6e8,0x000000008c380000)
 Metaspace       used 42270K, capacity 44108K, committed 44248K, reserved 1087488K
  class space    used 5102K, capacity 5771K, committed 5888K, reserved 1048576K
}

Deoptimization events (10 events):
Event: 7340.177 Thread 0x0000000019a07000 Uncommon trap: reason=unstable_if action=reinterpret pc=0x0000000003bf0b60 method=javax.swing.RepaintManager.addDirtyRegion0(Ljava/awt/Container;IIII)V @ 108
Event: 15201.512 Thread 0x0000000019a07000 Uncommon trap: reason=bimorphic action=maybe_recompile pc=0x00000000037e2b44 method=sun.awt.windows.WComponentPeer.handleEvent(Ljava/awt/AWTEvent;)V @ 152
Event: 15202.706 Thread 0x0000000019a07000 Uncommon trap: reason=array_check action=maybe_recompile pc=0x0000000002f62198 method=java.util.ComparableTimSort.binarySort([Ljava/lang/Object;III)V @ 193
Event: 15204.015 Thread 0x000000001b70e800 Uncommon trap: reason=unstable_if action=reinterpret pc=0x0000000002ba8e58 method=javax.swing.TimerQueue.run()V @ 64
Event: 15219.154 Thread 0x0000000019a07000 Uncommon trap: reason=unstable_if action=reinterpret pc=0x0000000003aa7034 method=java.awt.EventQueue.setCurrentEventAndMostRecentTimeImpl(Ljava/awt/AWTEvent;)V @ 87
Event: 15219.155 Thread 0x0000000019a07000 Uncommon trap: reason=class_check action=maybe_recompile pc=0x0000000003b4d3c8 method=sun.awt.im.InputMethodContext.dispatchEvent(Ljava/awt/AWTEvent;)V @ 11
Event: 15219.157 Thread 0x0000000019a07000 Uncommon trap: reason=unstable_if action=reinterpret pc=0x0000000002dbace8 method=java.awt.EventQueue.removeSourceEvents(Ljava/lang/Object;Z)V @ 121
Event: 15219.174 Thread 0x0000000019a07000 Uncommon trap: reason=class_check action=maybe_recompile pc=0x0000000003b4d3c8 method=sun.awt.im.InputMethodContext.dispatchEvent(Ljava/awt/AWTEvent;)V @ 11
Event: 15219.363 Thread 0x0000000019a07000 Uncommon trap: reason=class_check action=maybe_recompile pc=0x0000000003b4d3c8 method=sun.awt.im.InputMethodContext.dispatchEvent(Ljava/awt/AWTEvent;)V @ 11
Event: 15219.393 Thread 0x0000000019a07000 Uncommon trap: reason=class_check action=maybe_recompile pc=0x0000000003b4d3c8 method=sun.awt.im.InputMethodContext.dispatchEvent(Ljava/awt/AWTEvent;)V @ 11

Internal exceptions (10 events):
Event: 6315.149 Thread 0x000000001b6e0000 Exception <a 'java/io/IOException'> (0x00000000f258f370) thrown at [C:\re\workspace\8-2-build-windows-amd64-cygwin\jdk8u131\8869\hotspot\src\share\vm\prims\jni.cpp, line 709]
Event: 6315.149 Thread 0x000000001b6e0000 Exception <a 'java/io/IOException'> (0x00000000f258f5f8) thrown at [C:\re\workspace\8-2-build-windows-amd64-cygwin\jdk8u131\8869\hotspot\src\share\vm\prims\jni.cpp, line 709]
Event: 7214.025 Thread 0x0000000019a07000 Implicit null exception at 0x0000000002fecb6b to 0x0000000002feccca
Event: 7214.025 Thread 0x0000000019a07000 Exception <a 'java/lang/NullPointerException'> (0x00000000f2d09eb8) thrown at [C:\re\workspace\8-2-build-windows-amd64-cygwin\jdk8u131\8869\hotspot\src\share\vm\runtime\sharedRuntime.cpp, line 605]
Event: 7214.063 Thread 0x0000000019a07000 Implicit null exception at 0x0000000002fecb6b to 0x0000000002feccca
Event: 7214.063 Thread 0x0000000019a07000 Exception <a 'java/lang/NullPointerException'> (0x00000000f35c3430) thrown at [C:\re\workspace\8-2-build-windows-amd64-cygwin\jdk8u131\8869\hotspot\src\share\vm\runtime\sharedRuntime.cpp, line 605]
Event: 7215.150 Thread 0x0000000019a07000 Exception <a 'java/io/IOException'> (0x00000000f37a61f8) thrown at [C:\re\workspace\8-2-build-windows-amd64-cygwin\jdk8u131\8869\hotspot\src\share\vm\prims\jni.cpp, line 709]
Event: 7215.150 Thread 0x0000000019a07000 Exception <a 'java/io/IOException'> (0x00000000f37a6850) thrown at [C:\re\workspace\8-2-build-windows-amd64-cygwin\jdk8u131\8869\hotspot\src\share\vm\prims\jni.cpp, line 709]
Event: 15202.692 Thread 0x0000000019a07000 Exception <a 'java/io/IOException'> (0x00000000d6460160) thrown at [C:\re\workspace\8-2-build-windows-amd64-cygwin\jdk8u131\8869\hotspot\src\share\vm\prims\jni.cpp, line 709]
Event: 15202.692 Thread 0x0000000019a07000 Exception <a 'java/io/IOException'> (0x00000000d64605d0) thrown at [C:\re\workspace\8-2-build-windows-amd64-cygwin\jdk8u131\8869\hotspot\src\share\vm\prims\jni.cpp, line 709]

Events (10 events):
Event: 15219.363 Thread 0x0000000019a07000 DEOPT UNPACKING pc=0x000000000297582a sp=0x000000001a57d4d8 mode 2
Event: 15219.363 Executing VM operation: RevokeBias
Event: 15219.363 Executing VM operation: RevokeBias done
Event: 15219.363 Executing VM operation: RevokeBias
Event: 15219.363 Executing VM operation: RevokeBias done
Event: 15219.363 Executing VM operation: RevokeBias
Event: 15219.363 Executing VM operation: RevokeBias done
Event: 15219.393 Thread 0x0000000019a07000 Uncommon trap: trap_request=0xffffffde fr.pc=0x0000000003b4d3c8
Event: 15219.393 Thread 0x0000000019a07000 DEOPT PACKING pc=0x0000000003b4d3c8 sp=0x000000001a57d540
Event: 15219.393 Thread 0x0000000019a07000 DEOPT UNPACKING pc=0x000000000297582a sp=0x000000001a57d4d8 mode 2


Dynamic libraries:
0x00007ff6deb10000 - 0x00007ff6deb47000 	C:\Program Files\Java\jre1.8.0_131\bin\javaw.exe
0x00007ffcaa910000 - 0x00007ffcaaaeb000 	C:\WINDOWS\SYSTEM32\ntdll.dll
0x00007ffcaa090000 - 0x00007ffcaa13e000 	C:\WINDOWS\System32\KERNEL32.DLL
0x00007ffca6e30000 - 0x00007ffca7079000 	C:\WINDOWS\System32\KERNELBASE.dll
0x00007ffca5350000 - 0x00007ffca53ce000 	C:\WINDOWS\SYSTEM32\apphelp.dll
0x00007ffca9fe0000 - 0x00007ffcaa081000 	C:\WINDOWS\System32\ADVAPI32.dll
0x00007ffca9920000 - 0x00007ffca99bd000 	C:\WINDOWS\System32\msvcrt.dll
0x00007ffca9b60000 - 0x00007ffca9bb9000 	C:\WINDOWS\System32\sechost.dll
0x00007ffca9bc0000 - 0x00007ffca9ce5000 	C:\WINDOWS\System32\RPCRT4.dll
0x00007ffcaa140000 - 0x00007ffcaa28a000 	C:\WINDOWS\System32\USER32.dll
0x00007ffca7080000 - 0x00007ffca709e000 	C:\WINDOWS\System32\win32u.dll
0x00007ffca9cf0000 - 0x00007ffca9d17000 	C:\WINDOWS\System32\GDI32.dll
0x00007ffca70a0000 - 0x00007ffca7228000 	C:\WINDOWS\System32\gdi32full.dll
0x00007ffca7cc0000 - 0x00007ffca7d5a000 	C:\WINDOWS\System32\msvcp_win.dll
0x00007ffca79a0000 - 0x00007ffca7a96000 	C:\WINDOWS\System32\ucrtbase.dll
0x00007ffc97ea0000 - 0x00007ffc98107000 	C:\WINDOWS\WinSxS\amd64_microsoft.windows.common-controls_6595b64144ccf1df_6.0.15063.483_none_26002d27e7c744a2\COMCTL32.dll
0x00007ffcaa510000 - 0x00007ffcaa809000 	C:\WINDOWS\System32\combase.dll
0x00007ffca7230000 - 0x00007ffca729a000 	C:\WINDOWS\System32\bcryptPrimitives.dll
0x00007ffca9810000 - 0x00007ffca983d000 	C:\WINDOWS\System32\IMM32.DLL
0x0000000070790000 - 0x0000000070862000 	C:\Program Files\Java\jre1.8.0_131\bin\msvcr100.dll
0x000000006f8a0000 - 0x000000007013c000 	C:\Program Files\Java\jre1.8.0_131\bin\server\jvm.dll
0x00007ffca9790000 - 0x00007ffca9798000 	C:\WINDOWS\System32\PSAPI.DLL
0x00007ffc96bb0000 - 0x00007ffc96bb9000 	C:\WINDOWS\SYSTEM32\WSOCK32.dll
0x00007ffca97a0000 - 0x00007ffca980c000 	C:\WINDOWS\System32\WS2_32.dll
0x00007ffca4c70000 - 0x00007ffca4c93000 	C:\WINDOWS\SYSTEM32\WINMM.dll
0x00007ffca15c0000 - 0x00007ffca15ca000 	C:\WINDOWS\SYSTEM32\VERSION.dll
0x00007ffca4c40000 - 0x00007ffca4c6b000 	C:\WINDOWS\SYSTEM32\WINMMBASE.dll
0x00007ffca7aa0000 - 0x00007ffca7ae9000 	C:\WINDOWS\System32\cfgmgr32.dll
0x0000000070780000 - 0x000000007078f000 	C:\Program Files\Java\jre1.8.0_131\bin\verify.dll
0x0000000070750000 - 0x0000000070779000 	C:\Program Files\Java\jre1.8.0_131\bin\java.dll
0x0000000070730000 - 0x0000000070746000 	C:\Program Files\Java\jre1.8.0_131\bin\zip.dll
0x00007ffca8350000 - 0x00007ffca9787000 	C:\WINDOWS\System32\SHELL32.dll
0x00007ffcaa460000 - 0x00007ffcaa50a000 	C:\WINDOWS\System32\shcore.dll
0x00007ffca72a0000 - 0x00007ffca7992000 	C:\WINDOWS\System32\windows.storage.dll
0x00007ffcaa400000 - 0x00007ffcaa451000 	C:\WINDOWS\System32\shlwapi.dll
0x00007ffca6e10000 - 0x00007ffca6e21000 	C:\WINDOWS\System32\kernel.appcore.dll
0x00007ffca6da0000 - 0x00007ffca6dec000 	C:\WINDOWS\System32\powrprof.dll
0x00007ffca6df0000 - 0x00007ffca6e05000 	C:\WINDOWS\System32\profapi.dll
0x000000006f700000 - 0x000000006f898000 	C:\Program Files\Java\jre1.8.0_131\bin\awt.dll
0x00007ffcaa820000 - 0x00007ffcaa8e0000 	C:\WINDOWS\System32\OLEAUT32.dll
0x00007ffca5490000 - 0x00007ffca5525000 	C:\WINDOWS\system32\uxtheme.dll
0x00007ffcaa290000 - 0x00007ffcaa3f6000 	C:\WINDOWS\System32\MSCTF.dll
0x00007ffca39f0000 - 0x00007ffca3a1a000 	C:\WINDOWS\system32\dwmapi.dll
0x00007ffca9e90000 - 0x00007ffca9fd5000 	C:\WINDOWS\System32\ole32.dll
0x00007ffc95c70000 - 0x00007ffc95d91000 	C:\WINDOWS\system32\opengl32.dll
0x00007ffc99c30000 - 0x00007ffc99c5c000 	C:\WINDOWS\SYSTEM32\GLU32.dll
0x00000000706e0000 - 0x0000000070727000 	C:\Program Files\Java\jre1.8.0_131\bin\fontmanager.dll
0x00000000706c0000 - 0x00000000706da000 	C:\Program Files\Java\jre1.8.0_131\bin\net.dll
0x00007ffca6690000 - 0x00007ffca66ec000 	C:\WINDOWS\system32\mswsock.dll
0x00000000706a0000 - 0x00000000706b1000 	C:\Program Files\Java\jre1.8.0_131\bin\nio.dll
0x00007ffca6830000 - 0x00007ffca6847000 	C:\WINDOWS\SYSTEM32\CRYPTSP.dll
0x00007ffca62b0000 - 0x00007ffca62e4000 	C:\WINDOWS\system32\rsaenh.dll
0x00007ffca6940000 - 0x00007ffca6965000 	C:\WINDOWS\SYSTEM32\bcrypt.dll
0x00007ffca6cb0000 - 0x00007ffca6cd9000 	C:\WINDOWS\SYSTEM32\USERENV.dll
0x00007ffca6850000 - 0x00007ffca685b000 	C:\WINDOWS\SYSTEM32\CRYPTBASE.dll
0x00007ffca6430000 - 0x00007ffca6467000 	C:\WINDOWS\SYSTEM32\IPHLPAPI.DLL
0x00007ffcaa8e0000 - 0x00007ffcaa8e8000 	C:\WINDOWS\System32\NSI.dll
0x00007ffc9a030000 - 0x00007ffc9a046000 	C:\WINDOWS\SYSTEM32\dhcpcsvc6.DLL
0x00007ffc9a010000 - 0x00007ffc9a02a000 	C:\WINDOWS\SYSTEM32\dhcpcsvc.DLL
0x0000000070650000 - 0x0000000070692000 	C:\Program Files\Java\jre1.8.0_131\bin\t2k.dll
0x0000000070610000 - 0x0000000070641000 	C:\Program Files\Java\jre1.8.0_131\bin\jpeg.dll
0x00007ffca82b0000 - 0x00007ffca834e000 	C:\WINDOWS\System32\clbcatq.dll
0x00007ffca1950000 - 0x00007ffca1afc000 	C:\WINDOWS\SYSTEM32\WindowsCodecs.dll
0x00007ffc9a3a0000 - 0x00007ffc9a3e7000 	C:\WINDOWS\system32\dataexchange.dll
0x00007ffca4290000 - 0x00007ffca456f000 	C:\WINDOWS\system32\d3d11.dll
0x00007ffca4cd0000 - 0x00007ffca4df2000 	C:\WINDOWS\system32\dcomp.dll
0x00007ffca5bf0000 - 0x00007ffca5c94000 	C:\WINDOWS\system32\dxgi.dll
0x00007ffca5750000 - 0x00007ffca58c0000 	C:\WINDOWS\system32\twinapi.appcore.dll
0x00007ffca0340000 - 0x00007ffca03c2000 	C:\WINDOWS\System32\TextInputFramework.dll
0x00007ffca12a0000 - 0x00007ffca1572000 	C:\WINDOWS\System32\CoreUIComponents.dll
0x00007ffca4b50000 - 0x00007ffca4c33000 	C:\WINDOWS\System32\CoreMessaging.dll
0x00007ffca60e0000 - 0x00007ffca6111000 	C:\WINDOWS\SYSTEM32\ntmarta.dll
0x00007ffca38a0000 - 0x00007ffca38b5000 	C:\WINDOWS\SYSTEM32\usermgrcli.dll
0x00007ffca34a0000 - 0x00007ffca35d9000 	C:\WINDOWS\SYSTEM32\wintypes.dll
0x00007ffca2420000 - 0x00007ffca24c6000 	C:\WINDOWS\WinSxS\amd64_microsoft.windows.common-controls_6595b64144ccf1df_5.82.15063.413_none_0e0f5dcc67adff4e\comctl32.dll
0x00000000705e0000 - 0x000000007060a000 	C:\Program Files\Java\jre1.8.0_131\bin\dcpr.dll
0x00007ffca3a60000 - 0x00007ffca3bf6000 	C:\WINDOWS\SYSTEM32\PROPSYS.dll
0x00007ffc95810000 - 0x00007ffc95854000 	C:\WINDOWS\SYSTEM32\edputil.dll
0x00007ffc9b9e0000 - 0x00007ffc9bba7000 	C:\WINDOWS\SYSTEM32\urlmon.dll
0x00007ffc9bfe0000 - 0x00007ffc9c26a000 	C:\WINDOWS\SYSTEM32\iertutil.dll
0x00007ffc91fc0000 - 0x00007ffc92034000 	C:\WINDOWS\SYSTEM32\msiso.dll
0x00007ffca6c80000 - 0x00007ffca6cb0000 	C:\WINDOWS\SYSTEM32\SspiCli.dll
0x00007ffc7ad30000 - 0x00007ffc7ae23000 	C:\WINDOWS\system32\msctfuimanager.dll
0x00007ffc78730000 - 0x00007ffc788db000 	C:\WINDOWS\system32\DUI70.dll
0x00007ffc96700000 - 0x00007ffc96793000 	C:\WINDOWS\system32\DUser.dll
0x00007ffc86360000 - 0x00007ffc86525000 	C:\WINDOWS\SYSTEM32\UIAutomationCore.dll
0x00007ffca6be0000 - 0x00007ffca6c7a000 	C:\WINDOWS\SYSTEM32\sxs.dll
0x00007ffca0850000 - 0x00007ffca0896000 	C:\WINDOWS\System32\UIAnimation.dll
0x00007ffca23b0000 - 0x00007ffca241b000 	C:\Windows\System32\oleacc.dll
0x00007ffc9e840000 - 0x00007ffc9eaff000 	C:\WINDOWS\system32\dwrite.dll
0x00007ffc9e620000 - 0x00007ffc9e6a8000 	C:\WINDOWS\system32\directmanipulation.dll
0x00007ffc9df50000 - 0x00007ffc9df85000 	C:\WINDOWS\system32\xmllite.dll
0x00007ffc79aa0000 - 0x00007ffc79d75000 	C:\WINDOWS\SYSTEM32\D3D10Warp.dll
0x00007ffc8f790000 - 0x00007ffc8f939000 	C:\WINDOWS\SYSTEM32\dbghelp.dll

VM Arguments:
java_command: com.st.microxplorer.maingui.STM32CubeMX C:\Users\jdrjk\Documents\GitHub\SJTUME\SJTUME\SJTUME.ioc
java_class_path (initial): C:\Program Files (x86)\STMicroelectronics\STM32Cube\STM32CubeMX\STM32CubeMX.exe;anything
Launcher Type: SUN_STANDARD

Environment Variables:
PATH=C:\Program Files (x86)\STMicroelectronics\STM32Cube\STM32CubeMX\;C:\ProgramData\Oracle\Java\javapath;C:\WINDOWS\system32;C:\WINDOWS;C:\WINDOWS\System32\Wbem;C:\WINDOWS\System32\WindowsPowerShell\v1.0\;C:\Program Files (x86)\NVIDIA Corporation\PhysX\Common;C:\WINDOWS\system32;C:\WINDOWS;C:\WINDOWS\System32\Wbem;C:\WINDOWS\System32\WindowsPowerShell\v1.0\;C:\Program Files (x86)\Microsoft SQL Server\100\Tools\Binn\;C:\Program Files\Microsoft SQL Server\100\Tools\Binn\;C:\Program Files\Microsoft SQL Server\100\DTS\Binn\;C:\Users\jdrjk\.dnx\bin;C:\Program Files\Microsoft DNX\Dnvm\;C:\Program Files\Microsoft SQL Server\130\Tools\Binn\;C:\Program Files (x86)\Microsoft SQL Server\90\Tools\binn\;C:\Program Files (x86)\Windows Kits\8.1\Windows Performance Toolkit\;C:\Program Files\Git\cmd;D:\opencv\build\x64\vc14\bin;D:\Program Files\CMake\bin;D:\opencvMybuild\install\x64\vc14\bin;C:\Users\jdrjk\AppData\Local\Microsoft\WindowsApps;C:\Program Files\Java\jre1.8.0_131\bin
USERNAME=jdrjk
OS=Windows_NT
PROCESSOR_IDENTIFIER=Intel64 Family 6 Model 60 Stepping 3, GenuineIntel



---------------  S Y S T E M  ---------------

OS: Windows 10.0 , 64 bit Build 15063 (10.0.15063.296)

CPU:total 4 (initial active 4) (2 cores per cpu, 2 threads per core) family 6 model 60 stepping 3, cmov, cx8, fxsr, mmx, sse, sse2, sse3, ssse3, sse4.1, sse4.2, popcnt, avx, avx2, aes, clmul, erms, lzcnt, ht, tsc, tscinvbit, bmi1, bmi2

Memory: 4k page, physical 8298776k(3800144k free), swap 8823064k(1992740k free)

vm_info: Java HotSpot(TM) 64-Bit Server VM (25.131-b11) for windows-amd64 JRE (1.8.0_131-b11), built on Mar 15 2017 01:23:53 by "java_re" with MS VC++ 10.0 (VS2010)

time: Wed Jul 26 21:35:30 2017
elapsed time: 15219 seconds (0d 4h 13m 39s)

